<?xml version="1.0" encoding="UTF-8"?>
<testsuite failures="0" errors="0" skipped="0" tests="5" time="43.579000" name="Login">
<testcase classname="Login" name="Positive Login" time="9.300000">
  <system-out>
    <![CDATA[]]>
  </system-out>
  <system-err>
    <![CDATA[]]>
  </system-err>
</testcase>
<testcase classname="Login" name="Negative Login (outline example : |  |  | Invalid user or password |)" time="8.463000">
  <system-out>
    <![CDATA[]]>
  </system-out>
  <system-err>
    <![CDATA[]]>
  </system-err>
</testcase>
<testcase classname="Login" name="Negative Login (outline example : | qqqqq |  | Invalid user or password |)" time="8.367000">
  <system-out>
    <![CDATA[]]>
  </system-out>
  <system-err>
    <![CDATA[]]>
  </system-err>
</testcase>
<testcase classname="Login" name="Negative Login (outline example : |  | qqqqqq | Invalid user or password |)" time="8.700000">
  <system-out>
    <![CDATA[]]>
  </system-out>
  <system-err>
    <![CDATA[]]>
  </system-err>
</testcase>
<testcase classname="Login" name="Negative Login (outline example : | qqqqq | qqqqqq | Invalid user or password |)" time="8.749000">
  <system-out>
    <![CDATA[]]>
  </system-out>
  <system-err>
    <![CDATA[]]>
  </system-err>
</testcase>
</testsuite>
